<?xml version="1.0" encoding="UTF-8"?>
<!-- Generated by org.testng.reporters.JUnitXMLReporter -->
<testsuite hostname="STSPC102" ignored="0" name="Default test" tests="3" failures="0" timestamp="13 Mar 2020 11:47:41 GMT" time="31.446" errors="0">
  <testcase name="loginPageTitleTest" time="0.022" classname="com.crm.qa.testcases.LoginPageTest"/>
  <testcase name="crmLogoImageTest" time="0.053" classname="com.crm.qa.testcases.LoginPageTest"/>
  <testcase name="loginTest" time="4.499" classname="com.crm.qa.testcases.LoginPageTest"/>
</testsuite> <!-- Default test -->
