<?xml version="1.0" encoding="UTF-8"?>
<testng-results skipped="0" failed="0" ignored="0" total="3" passed="3">
  <reporter-output>
  </reporter-output>
  <suite name="Default suite" duration-ms="31446" started-at="2020-03-13T11:47:10Z" finished-at="2020-03-13T11:47:41Z">
    <groups>
    </groups>
    <test name="Default test" duration-ms="31446" started-at="2020-03-13T11:47:10Z" finished-at="2020-03-13T11:47:41Z">
      <class name="com.crm.qa.testcases.LoginPageTest">
        <test-method status="PASS" signature="setUp()[pri:0, instance:com.crm.qa.testcases.LoginPageTest@2b6856dd]" name="setUp" is-config="true" duration-ms="9322" started-at="2020-03-13T11:47:10Z" finished-at="2020-03-13T11:47:19Z">
          <reporter-output>
          </reporter-output>
        </test-method> <!-- setUp -->
        <test-method status="PASS" signature="loginPageTitleTest()[pri:1, instance:com.crm.qa.testcases.LoginPageTest@2b6856dd]" name="loginPageTitleTest" duration-ms="22" started-at="2020-03-13T11:47:19Z" finished-at="2020-03-13T11:47:19Z">
          <reporter-output>
          </reporter-output>
        </test-method> <!-- loginPageTitleTest -->
        <test-method status="PASS" signature="tearDown()[pri:0, instance:com.crm.qa.testcases.LoginPageTest@2b6856dd]" name="tearDown" is-config="true" duration-ms="617" started-at="2020-03-13T11:47:19Z" finished-at="2020-03-13T11:47:20Z">
          <reporter-output>
          </reporter-output>
        </test-method> <!-- tearDown -->
        <test-method status="PASS" signature="setUp()[pri:0, instance:com.crm.qa.testcases.LoginPageTest@2b6856dd]" name="setUp" is-config="true" duration-ms="7532" started-at="2020-03-13T11:47:20Z" finished-at="2020-03-13T11:47:27Z">
          <reporter-output>
          </reporter-output>
        </test-method> <!-- setUp -->
        <test-method status="PASS" signature="crmLogoImageTest()[pri:2, instance:com.crm.qa.testcases.LoginPageTest@2b6856dd]" name="crmLogoImageTest" duration-ms="53" started-at="2020-03-13T11:47:27Z" finished-at="2020-03-13T11:47:27Z">
          <reporter-output>
          </reporter-output>
        </test-method> <!-- crmLogoImageTest -->
        <test-method status="PASS" signature="tearDown()[pri:0, instance:com.crm.qa.testcases.LoginPageTest@2b6856dd]" name="tearDown" is-config="true" duration-ms="662" started-at="2020-03-13T11:47:27Z" finished-at="2020-03-13T11:47:28Z">
          <reporter-output>
          </reporter-output>
        </test-method> <!-- tearDown -->
        <test-method status="PASS" signature="setUp()[pri:0, instance:com.crm.qa.testcases.LoginPageTest@2b6856dd]" name="setUp" is-config="true" duration-ms="8018" started-at="2020-03-13T11:47:28Z" finished-at="2020-03-13T11:47:36Z">
          <reporter-output>
          </reporter-output>
        </test-method> <!-- setUp -->
        <test-method status="PASS" signature="loginTest()[pri:3, instance:com.crm.qa.testcases.LoginPageTest@2b6856dd]" name="loginTest" duration-ms="4499" started-at="2020-03-13T11:47:36Z" finished-at="2020-03-13T11:47:41Z">
          <reporter-output>
          </reporter-output>
        </test-method> <!-- loginTest -->
        <test-method status="PASS" signature="tearDown()[pri:0, instance:com.crm.qa.testcases.LoginPageTest@2b6856dd]" name="tearDown" is-config="true" duration-ms="681" started-at="2020-03-13T11:47:41Z" finished-at="2020-03-13T11:47:41Z">
          <reporter-output>
          </reporter-output>
        </test-method> <!-- tearDown -->
      </class> <!-- com.crm.qa.testcases.LoginPageTest -->
    </test> <!-- Default test -->
  </suite> <!-- Default suite -->
</testng-results>
